<?xml version="1.0" encoding="UTF-8"?>
<!-- Generated by org.testng.reporters.JUnitReportReporter -->
<testsuite hostname="DESKTOP-1I2QI1H" failures="0" tests="3" name="TheInternet.SeleniumTrial.HomePage" time="5.714" errors="0" timestamp="17 Apr 2022 02:38:30 GMT" skipped="0">
  <testcase classname="TheInternet.SeleniumTrial.HomePage" name="VerifyBasicAuthMessage" time="1.702"/>
  <testcase classname="TheInternet.SeleniumTrial.HomePage" name="VerifyAddElementOnPage" time="1.786"/>
  <testcase classname="TheInternet.SeleniumTrial.HomePage" name="VerifyRemoveElementOnPage" time="2.226"/>
</testsuite> <!-- TheInternet.SeleniumTrial.HomePage -->
