<?xml version="1.0" encoding="UTF-8"?>
<!-- Generated by org.testng.reporters.JUnitReportReporter -->
<testsuite hostname="DESKTOP-1I2QI1H" failures="0" tests="1" name="TheInternet.SeleniumTrial.ContextMenuTest" time="2.293" errors="0" timestamp="26 Jun 2022 21:01:06 GMT" skipped="0">
  <testcase classname="TheInternet.SeleniumTrial.ContextMenuTest" name="MenuTest" time="2.293"/>
</testsuite> <!-- TheInternet.SeleniumTrial.ContextMenuTest -->
