<?xml version="1.0" encoding="UTF-8"?>
<!-- Generated by org.testng.reporters.JUnitReportReporter -->
<testsuite hostname="DESKTOP-1I2QI1H" failures="0" tests="1" name="TheInternet.SeleniumTrial.BasicAuthTests" time="0.485" errors="0" timestamp="14 Jun 2022 18:12:43 GMT" skipped="0">
  <testcase classname="TheInternet.SeleniumTrial.BasicAuthTests" name="VerifyBasicAuthMessage" time="0.485"/>
</testsuite> <!-- TheInternet.SeleniumTrial.BasicAuthTests -->
