<?xml version="1.0" encoding="UTF-8"?>
<!-- Generated by org.testng.reporters.JUnitReportReporter -->
<testsuite hostname="DESKTOP-1I2QI1H" failures="0" tests="1" name="TheInternet.SeleniumTrial.DragAndDropTests" time="3.519" errors="0" timestamp="02 Jul 2022 15:53:28 GMT" skipped="0">
  <testcase classname="TheInternet.SeleniumTrial.DragAndDropTests" name="Drop" time="3.519"/>
</testsuite> <!-- TheInternet.SeleniumTrial.DragAndDropTests -->
