<?xml version="1.0" encoding="UTF-8"?>
<!-- Generated by org.testng.reporters.JUnitReportReporter -->
<testsuite hostname="DESKTOP-1I2QI1H" failures="0" tests="2" name="TheInternet.SeleniumTrial.BrokenImagesTests" time="3.132" errors="0" timestamp="14 Jun 2022 18:44:46 GMT" skipped="0">
  <testcase classname="TheInternet.SeleniumTrial.BrokenImagesTests" name="BrokenImagesTest" time="3.109"/>
  <testcase classname="TheInternet.SeleniumTrial.BrokenImagesTests" name="PageTitleTest" time="0.023"/>
</testsuite> <!-- TheInternet.SeleniumTrial.BrokenImagesTests -->
