<?xml version="1.0" encoding="UTF-8"?>
<!-- Generated by org.testng.reporters.JUnitReportReporter -->
<testsuite hostname="DESKTOP-1I2QI1H" failures="0" tests="1" name="TheInternet.SeleniumTrial.CheckboxesTest" time="0.042" errors="0" timestamp="16 Jun 2022 21:27:25 GMT" skipped="0">
  <testcase classname="TheInternet.SeleniumTrial.CheckboxesTest" name="CheckBoxSelected" time="0.042"/>
</testsuite> <!-- TheInternet.SeleniumTrial.CheckboxesTest -->
