<?xml version="1.0" encoding="UTF-8"?>
<!-- Generated by org.testng.reporters.JUnitReportReporter -->
<testsuite hostname="DESKTOP-1I2QI1H" failures="0" tests="1" name="TheInternet.SeleniumTrial.DisappearingElementsTests" time="0.312" errors="0" timestamp="02 Jul 2022 15:43:09 GMT" skipped="0">
  <testcase classname="TheInternet.SeleniumTrial.DisappearingElementsTests" name="DisappearingElementTest" time="0.312"/>
</testsuite> <!-- TheInternet.SeleniumTrial.DisappearingElementsTests -->
