<?xml version="1.0" encoding="UTF-8"?>
<!-- Generated by org.testng.reporters.JUnitReportReporter -->
<testsuite hostname="DESKTOP-1I2QI1H" failures="0" tests="2" name="TheInternet.SeleniumTrial.AddRemoveElements" time="0.616" errors="0" timestamp="08 Jun 2022 21:54:38 GMT" skipped="0">
  <testcase classname="TheInternet.SeleniumTrial.AddRemoveElements" name="VerifyRemoveElementOnPage" time="0.328"/>
  <testcase classname="TheInternet.SeleniumTrial.AddRemoveElements" name="VerifyAddElementOnPage" time="0.288"/>
</testsuite> <!-- TheInternet.SeleniumTrial.AddRemoveElements -->
