<?xml version="1.0" encoding="UTF-8"?>
<!-- Generated by org.testng.reporters.JUnitReportReporter -->
<testsuite hostname="DESKTOP-1I2QI1H" failures="0" tests="1" name="TheInternet.SeleniumTrial.DigestAuthTests" time="0.004" errors="0" timestamp="26 Jun 2022 21:02:02 GMT" skipped="0">
  <testcase classname="TheInternet.SeleniumTrial.DigestAuthTests" name="DigestAuthTests" time="0.004"/>
</testsuite> <!-- TheInternet.SeleniumTrial.DigestAuthTests -->
