<?xml version="1.0" encoding="UTF-8"?>
<!-- Generated by org.testng.reporters.JUnitReportReporter -->
<testsuite skipped="0" hostname="DESKTOP-1I2QI1H" name="TheInternet.SeleniumTrial.BasicAuthTests" tests="1" failures="0" timestamp="19 Apr 2022 19:11:24 GMT" time="0.622" errors="0">
  <testcase name="VerifyBasicAuthMessage" time="0.622" classname="TheInternet.SeleniumTrial.BasicAuthTests"/>
</testsuite> <!-- TheInternet.SeleniumTrial.BasicAuthTests -->
