<?xml version="1.0" encoding="UTF-8"?>
<!-- Generated by org.testng.reporters.JUnitReportReporter -->
<testsuite skipped="0" hostname="DESKTOP-1I2QI1H" name="TheInternet.SeleniumTrial.AddRemoveElements" tests="2" failures="0" timestamp="19 Apr 2022 19:11:24 GMT" time="1.035" errors="0">
  <testcase name="VerifyRemoveElementOnPage" time="0.551" classname="TheInternet.SeleniumTrial.AddRemoveElements"/>
  <testcase name="VerifyAddElementOnPage" time="0.484" classname="TheInternet.SeleniumTrial.AddRemoveElements"/>
</testsuite> <!-- TheInternet.SeleniumTrial.AddRemoveElements -->
